[17:35:23] [ServerMain/INFO]: [bootstrap] Running Java 21 (OpenJDK 64-Bit Server VM 21.0.5+11-LTS; Eclipse Adoptium Temurin-21.0.5+11) on Windows 10 10.0 (amd64)
[17:35:23] [ServerMain/INFO]: [bootstrap] Loading Paper 1.21.10-117-ver/1.21.10@df4b668 (2025-11-30T22:37:28Z) for Minecraft 1.21.10
[17:35:24] [ServerMain/INFO]: [PluginInitializerManager] Initializing plugins...
[17:35:24] [Paper Plugin Remapper Thread - 2/INFO]: [PluginRemapper] Remapping plugin 'plugins\BetterTeams-4.15.2 (1).jar'...
[17:35:24] [Paper Plugin Remapper Thread - 3/INFO]: [PluginRemapper] Remapping plugin 'plugins\PlaceholderAPI-2.11.7 (1).jar'...
[17:35:25] [Paper Plugin Remapper Thread - 3/INFO]: [PluginRemapper] Done remapping plugin 'plugins\PlaceholderAPI-2.11.7 (1).jar' in 886ms.
[17:35:25] [Paper Plugin Remapper Thread - 2/INFO]: [PluginRemapper] Done remapping plugin 'plugins\BetterTeams-4.15.2 (1).jar' in 1035ms.
[17:35:25] [ServerMain/INFO]: [PluginInitializerManager] Initialized 3 plugins
[17:35:25] [ServerMain/INFO]: [PluginInitializerManager] Bukkit plugins (3):
 - BetterTeams (4.15.2), DeeHainNetworkBridge (1.0.0), PlaceholderAPI (2.11.7)
[17:35:29] [ServerMain/INFO]: Environment: Environment[sessionHost=https://sessionserver.mojang.com, servicesHost=https://api.minecraftservices.com, profilesHost=https://api.mojang.com, name=PROD]
[17:35:31] [ServerMain/INFO]: Loaded 1461 recipes
[17:35:31] [ServerMain/INFO]: Loaded 1574 advancements
[17:35:31] [ServerMain/INFO]: [ca.spottedleaf.dataconverter.minecraft.datatypes.MCTypeRegistry] Initialising converters for DataConverter...
[17:35:31] [ServerMain/INFO]: [ca.spottedleaf.dataconverter.minecraft.datatypes.MCTypeRegistry] Finished initialising converters for DataConverter in 286.3ms
[17:35:31] [Server thread/INFO]: Starting minecraft server version 1.21.10
[17:35:31] [Server thread/WARN]: ****************************
[17:35:31] [Server thread/WARN]: YOU ARE RUNNING THIS SERVER AS AN ADMINISTRATIVE OR ROOT USER. THIS IS NOT ADVISED.
[17:35:31] [Server thread/WARN]: YOU ARE OPENING YOURSELF UP TO POTENTIAL RISKS WHEN DOING THIS.
[17:35:31] [Server thread/WARN]: FOR MORE INFORMATION, SEE https://madelinemiller.dev/blog/root-minecraft-server/
[17:35:31] [Server thread/WARN]: ****************************
[17:35:31] [Server thread/INFO]: Loading properties
[17:35:31] [Server thread/INFO]: This server is running Paper version 1.21.10-117-ver/1.21.10@df4b668 (2025-11-30T22:37:28Z) (Implementing API version 1.21.10-R0.1-SNAPSHOT)
[17:35:31] [Server thread/INFO]: [spark] This server bundles the spark profiler. For more information please visit https://docs.papermc.io/paper/profiling
[17:35:31] [Server thread/INFO]: Server Ping Player Sample Count: 12
[17:35:31] [Server thread/INFO]: Using 4 threads for Netty based IO
[17:35:32] [Server thread/INFO]: [MoonriseCommon] Paper is using 4 worker threads, 1 I/O threads
[17:35:32] [Server thread/INFO]: Default game type: SURVIVAL
[17:35:32] [Server thread/INFO]: Generating keypair
[17:35:32] [Server thread/INFO]: Starting Minecraft server on *:25565
[17:35:32] [Server thread/INFO]: Using default channel type
[17:35:32] [Server thread/INFO]: Paper: Using Java compression from Velocity.
[17:35:32] [Server thread/INFO]: Paper: Using Java cipher from Velocity.
[17:35:32] [Server thread/INFO]: [PlaceholderAPI] Loading server plugin PlaceholderAPI v2.11.7
[17:35:32] [Server thread/INFO]: [BetterTeams] Loading server plugin BetterTeams v4.15.2
[17:35:32] [Server thread/INFO]: [BetterTeams] [BetterTeams] Checking if the file config.yml is up to date
[17:35:33] [Server thread/INFO]: [BetterTeams] [BetterTeams] File is up to date
[17:35:33] [Server thread/INFO]: [DeeHainNetworkBridge] Loading server plugin DeeHainNetworkBridge v1.0.0
[17:35:33] [Server thread/INFO]: Server permissions file permissions.yml is empty, ignoring it
[17:35:33] [Server thread/INFO]: Preparing level "world"
[17:35:33] [Server thread/INFO]: Loading 0 persistent chunks for world 'minecraft:overworld'...
[17:35:33] [Server thread/INFO]: Preparing spawn area: 100%
[17:35:33] [Server thread/INFO]: Prepared spawn area in 2 ms
[17:35:33] [Server thread/INFO]: Loading 0 persistent chunks for world 'minecraft:the_nether'...
[17:35:33] [Server thread/INFO]: Prepared spawn area in 2 ms
[17:35:33] [Server thread/INFO]: Loading 0 persistent chunks for world 'minecraft:the_end'...
[17:35:33] [Server thread/INFO]: Prepared spawn area in 2 ms
[17:35:33] [Server thread/INFO]: Done preparing level "world" (0.662s)
[17:35:33] [Server thread/INFO]: [PlaceholderAPI] Enabling PlaceholderAPI v2.11.7
[17:35:34] [Server thread/INFO]: [PlaceholderAPI] Fetching available expansion information...
[17:35:34] [Server thread/INFO]: [BetterTeams] Enabling BetterTeams v4.15.2
[17:35:34] [Server thread/INFO]: [BetterTeams] MessageSender declared: com.booksaw.betterTeams.message.AdventureMessageSender@3f4d287c
[17:35:34] [Server thread/INFO]: [BetterTeams] [BetterTeams] Checking if the file messages.yml is up to date
[17:35:34] [Server thread/INFO]: [BetterTeams] [BetterTeams] File is up to date
[17:35:34] [Server thread/INFO]: [BetterTeams] Converting storage type, this may take a while
[17:35:34] [Server thread/INFO]: [BetterTeams] Backing up teams.yml file
[17:35:34] [Server thread/INFO]: [BetterTeams] Loading team information
[17:35:34] [Server thread/INFO]: [BetterTeams] Beginning convertion
[17:35:34] [Server thread/INFO]: [BetterTeams] Convertion complete
[17:35:34] [Server thread/INFO]: [PlaceholderAPI] Successfully registered internal expansion: betterTeams [4.15.2]
[17:35:35] [Server thread/INFO]: [BetterTeams] Display team name config value: prefix
[17:35:35] [Server thread/INFO]: [BetterTeams] Loading below name. Type: PREFIX
[17:35:35] [Server thread/INFO]: [BetterTeams] teamManagement declared: com.booksaw.betterTeams.events.MCTeamManagement@5b0d0f12
[17:35:35] [Server thread/INFO]: [DeeHainNetworkBridge] Enabling DeeHainNetworkBridge v1.0.0
[17:35:35] [Server thread/INFO]: [DeeHainNetworkBridge] HTTP listener started on 0.0.0.0:8123 at /action
[17:35:35] [Server thread/INFO]: [DeeHainNetworkBridge] NetworkBridgePlugin enabled.
[17:35:35] [Server thread/INFO]: [spark] Starting background profiler...
[17:35:35] [Server thread/INFO]: [spark] The async-profiler engine is not supported for your os/arch (windows10/amd64), so the built-in Java engine will be used instead.
[17:35:35] [Server thread/INFO]: [PlaceholderAPI] Placeholder expansion registration initializing...
[17:35:35] [Server thread/INFO]: 0 placeholder hook(s) registered!
[17:35:35] [Server thread/INFO]: Running delayed init tasks
[17:35:35] [Server thread/INFO]: Done (12.269s)! For help, type "help"
